Using pre-set license
Built from '2020.3/release' branch; Version is '2020.3.12f1 (b3b2c6512326) revision 11776710'; Using compiler version '192528614'; Build Type 'Release'
OS: 'Windows 10 Home; OS build 19043.1165; Version 2009; 64bit' Language: 'en' Physical Memory: 16151 MB
BatchMode: 1, IsHumanControllingUs: 0, StartBugReporterOnCrash: 0, Is64bit: 1, IsPro: 0

 COMMAND LINE ARGUMENTS:
C:\Program Files\Unity\Hub\Editor\2020.3.12f1\Editor\Unity.exe
-adb2
-batchMode
-noUpm
-name
AssetImportWorker0
-projectPath
C:/Users/dylon/OneDrive/Documents/GitHub/Aztec-Narrative-fixed/.gitignore/Aztec Narrative Project 1
-logFile
Logs/AssetImportWorker0.log
-srvPort
63822
Successfully changed project path to: C:/Users/dylon/OneDrive/Documents/GitHub/Aztec-Narrative-fixed/.gitignore/Aztec Narrative Project 1
C:/Users/dylon/OneDrive/Documents/GitHub/Aztec-Narrative-fixed/.gitignore/Aztec Narrative Project 1
Using Asset Import Pipeline V2.
Refreshing native plugins compatible for Editor in 42.02 ms, found 0 plugins.
Preloading 0 native plugins for Editor in 0.00 ms.
Initialize engine version: 2020.3.12f1 (b3b2c6512326)
[Subsystems] Discovering subsystems at path C:/Program Files/Unity/Hub/Editor/2020.3.12f1/Editor/Data/Resources/UnitySubsystems
[Subsystems] Discovering subsystems at path C:/Users/dylon/OneDrive/Documents/GitHub/Aztec-Narrative-fixed/.gitignore/Aztec Narrative Project 1/Assets
GfxDevice: creating device client; threaded=0
Direct3D:
    Version:  Direct3D 11.0 [level 11.1]
    Renderer: Intel(R) Iris(R) Plus Graphics (ID=0x8a52)
    Vendor:   
    VRAM:     8075 MB
    Driver:   26.20.100.7870
Initialize mono
Mono path[0] = 'C:/Program Files/Unity/Hub/Editor/2020.3.12f1/Editor/Data/Managed'
Mono path[1] = 'C:/Program Files/Unity/Hub/Editor/2020.3.12f1/Editor/Data/MonoBleedingEdge/lib/mono/unityjit'
Mono config path = 'C:/Program Files/Unity/Hub/Editor/2020.3.12f1/Editor/Data/MonoBleedingEdge/etc'
Using monoOptions --debugger-agent=transport=dt_socket,embedding=1,server=y,suspend=n,address=127.0.0.1:56860
Begin MonoManager ReloadAssembly
Registering precompiled unity dll's ...
Register platform support module: C:/Program Files/Unity/Hub/Editor/2020.3.12f1/Editor/Data/PlaybackEngines/WindowsStandaloneSupport/UnityEditor.WindowsStandalone.Extensions.dll
Registered in 0.001485 seconds.
Native extension for WindowsStandalone target not found
Refreshing native plugins compatible for Editor in 36.34 ms, found 0 plugins.
Preloading 0 native plugins for Editor in 0.00 ms.
Mono: successfully reloaded assembly
- Completed reload, in  0.897 seconds
Platform modules already initialized, skipping
Registering precompiled user dll's ...
Registered in 0.002962 seconds.
Begin MonoManager ReloadAssembly
Error: Could not load signature of Packages.Rider.Editor.UnitTesting.SyncTestRunCallback:RunStarted due to: Could not load file or assembly 'nunit.framework, Version=3.5.0.0, Culture=neutral, PublicKeyToken=2638cd05610744eb' or one of its dependencies. assembly:nunit.framework, Version=3.5.0.0, Culture=neutral, PublicKeyToken=2638cd05610744eb type:<unknown type> member:(null) signature:<none>

Error: Could not load signature of Codice.CheckWorkspaceTreeNodeStatus:IsPrivate due to: Could not load file or assembly 'unityplastic, Version=10.0.16.5320, Culture=neutral, PublicKeyToken=a107c9c6e34c8876' or one of its dependencies. assembly:unityplastic, Version=10.0.16.5320, Culture=neutral, PublicKeyToken=a107c9c6e34c8876 type:<unknown type> member:(null) signature:<none>

Error: Could not load signature of UnityEngine.TestRunner.ITestRunCallback:RunStarted due to: Could not load file or assembly 'nunit.framework, Version=3.5.0.0, Culture=neutral, PublicKeyToken=2638cd05610744eb' or one of its dependencies. assembly:nunit.framework, Version=3.5.0.0, Culture=neutral, PublicKeyToken=2638cd05610744eb type:<unknown type> member:(null) signature:<none>

Unloading broken assembly Library/ScriptAssemblies/Unity.Rider.Editor.dll, this assembly can cause crashes in the runtime

Unloading broken assembly Library/ScriptAssemblies/Unity.PlasticSCM.Editor.dll, this assembly can cause crashes in the runtime

Unloading broken assembly Library/ScriptAssemblies/UnityEditor.TestRunner.dll, this assembly can cause crashes in the runtime

Unloading broken assembly Library/ScriptAssemblies/UnityEngine.TestRunner.dll, this assembly can cause crashes in the runtime

Native extension for WindowsStandalone target not found
Refreshing native plugins compatible for Editor in 0.61 ms, found 0 plugins.
Preloading 0 native plugins for Editor in 0.00 ms.
TypeLoadException: Could not load array element type, due to: Could not load type of field 'Packages.Rider.Editor.UnitTesting.TestEvent:testStatus' (4) due to: Could not load file or assembly 'nunit.framework, Version=3.5.0.0, Culture=neutral, PublicKeyToken=2638cd05610744eb' or one of its dependencies. assembly:nunit.framework, Version=3.5.0.0, Culture=neutral, PublicKeyToken=2638cd05610744eb type:<unknown type> member:(null) signature:<none> assembly:C:\Users\dylon\OneDrive\Documents\GitHub\Aztec-Narrative-fixed\.gitignore\Aztec Narrative Project 1\Library\ScriptAssemblies\Unity.Rider.Editor.dll type:TestEvent member:(null) signature:<none>
  at System.Collections.Generic.List`1[T]..cctor () [0x00000] in <695d1cc93cca45069c528c15c9fdd749>:0 
Rethrow as TypeInitializationException: The type initializer for 'System.Collections.Generic.List`1' threw an exception.
  at Packages.Rider.Editor.UnitTesting.CallbackData..ctor () [0x00000] in C:\Users\dylon\OneDrive\Documents\GitHub\Aztec-Narrative-fixed\.gitignore\Aztec Narrative Project 1\Library\PackageCache\com.unity.ide.rider@2.0.7\Rider\Editor\UnitTesting\CallbackData.cs:23 
UnityEngine.ScriptableObject:CreateScriptableObjectInstanceFromType(Type, Boolean)
UnityEngine.ScriptableObject:CreateInstance(Type)
UnityEngine.ScriptableObject:CreateInstance()
UnityEditor.ScriptableSingleton`1:CreateAndLoad()
UnityEditor.ScriptableSingleton`1:get_instance()
Packages.Rider.Editor.UnitTesting.CallbackInitializer:.cctor() (at Library\PackageCache\com.unity.ide.rider@2.0.7\Rider\Editor\UnitTesting\CallbackInitializer.cs:13)
System.Runtime.CompilerServices.RuntimeHelpers:RunClassConstructor(IntPtr)
System.Runtime.CompilerServices.RuntimeHelpers:RunClassConstructor(RuntimeTypeHandle)
UnityEditor.EditorAssemblies:ProcessInitializeOnLoadAttributes(Type[])

System.NullReferenceException: Object reference not set to an instance of an object
  at Packages.Rider.Editor.UnitTesting.CallbackInitializer..cctor () [0x00000] in C:\Users\dylon\OneDrive\Documents\GitHub\Aztec-Narrative-fixed\.gitignore\Aztec Narrative Project 1\Library\PackageCache\com.unity.ide.rider@2.0.7\Rider\Editor\UnitTesting\CallbackInitializer.cs:13 
UnityEngine.StackTraceUtility:ExtractStackTrace ()
UnityEngine.DebugLogHandler:LogFormat (UnityEngine.LogType,UnityEngine.Object,string,object[])
UnityEngine.Logger:Log (UnityEngine.LogType,object)
UnityEngine.Debug:LogError (object)
UnityEditor.EditorAssemblies:ProcessInitializeOnLoadAttributes (System.Type[])

Mono: successfully reloaded assembly
- Completed reload, in  0.713 seconds
Platform modules already initialized, skipping
========================================================================
Worker process is ready to serve import requests
Launched and connected shader compiler UnityShaderCompiler.exe after 0.03 seconds
Refreshing native plugins compatible for Editor in 0.84 ms, found 0 plugins.
Preloading 0 native plugins for Editor in 0.00 ms.
Unloading 6 Unused Serialized files (Serialized files now loaded: 0)
System memory in use before: 27.6 MB.
System memory in use after: 27.6 MB.

Unloading 2 unused Assets to reduce memory usage. Loaded Objects now: 448.
Total: 1.362800 ms (FindLiveObjects: 0.036700 ms CreateObjectMapping: 0.003200 ms MarkObjects: 1.272500 ms  DeleteObjects: 0.049300 ms)

AssetImportParameters requested are different than current active one (requested -> active):
  custom:framework-win-MediaFoundation: 216162199b28c13a410421893ffa2e32 -> 
  custom:video-decoder-ogg-theora: a1e56fd34408186e4bbccfd4996cb3dc -> 
  custom:container-muxer-webm: aa71ff27fc2769a1b78a27578f13a17b -> 
  custom:container-demuxer-webm: 4f35f7cbe854078d1ac9338744f61a02 -> 
  custom:container-demuxer-ogg: 62fdf1f143b41e24485cea50d1cbac27 -> 
  custom:video-encoder-webm-vp8: eb34c28f22e8b96e1ab97ce403110664 -> 
  custom:video-codec-MediaFoundation-h265: 746d11721c4dcdbdad8f713fa42b33f4 -> 
  custom:video-decoder-webm-vp8: 9c59270c3fd7afecdb556c50c9e8de78 -> 
  custom:audio-decoder-ogg-vorbis: bf7c407c2cedff20999df2af8eb42d56 -> 
  custom:audio-encoder-webm-vorbis: bf7c407c2cedff20999df2af8eb42d56 -> 
========================================================================
Received Import Request.
  path: Assets/Cartoon Temple Building Kit/Fbx
  artifactKey: Guid(7472ebbafe12f5149972c3a41e16053e) Importer(815301076,1909f56bfc062723c751e8b465ee728b)
Start importing Assets/Cartoon Temple Building Kit/Fbx using Guid(7472ebbafe12f5149972c3a41e16053e) Importer(815301076,1909f56bfc062723c751e8b465ee728b)  -> (artifact id: '6ea563f2f59bd709012c4b6ebb0c2d84') in 0.006737 seconds 
  Import took 0.007295 seconds .

========================================================================
Received Import Request.
  Time since last request: 0.000158 seconds.
  path: Assets/3PupperStudios
  artifactKey: Guid(ca28e1064e0c0e147bc05a054d227c13) Importer(815301076,1909f56bfc062723c751e8b465ee728b)
Start importing Assets/3PupperStudios using Guid(ca28e1064e0c0e147bc05a054d227c13) Importer(815301076,1909f56bfc062723c751e8b465ee728b)  -> (artifact id: 'fd461be5eb24c9d5cf92774631f31a16') in 0.010025 seconds 
  Import took 0.010651 seconds .

========================================================================
Received Import Request.
  Time since last request: 0.000218 seconds.
  path: Assets/Cartoon Temple Building Kit
  artifactKey: Guid(839bed55c8b7f8e4c850a984667f76e8) Importer(815301076,1909f56bfc062723c751e8b465ee728b)
Start importing Assets/Cartoon Temple Building Kit using Guid(839bed55c8b7f8e4c850a984667f76e8) Importer(815301076,1909f56bfc062723c751e8b465ee728b)  -> (artifact id: '7389f629848c9b71ac8deef4e350c1a9') in 0.011111 seconds 
  Import took 0.012216 seconds .

AssetImportWorkerClient::OnTransportError - code=2 error=End of file
